<?xml version="1.0" encoding="UTF-8"?>
<!-- Generated by org.testng.reporters.JUnitReportReporter -->
<testsuite hostname="Shiva" failures="0" tests="1" name="com.automation.testcases.LoginTestHRM" time="5.026" errors="0" timestamp="2025-09-01T16:36:43 IST" skipped="0">
  <testcase classname="com.automation.testcases.LoginTestHRM" name="loginApp" time="5.026"/>
  <system-out>
    <![CDATA[Setting up reports and Test Started
Setting Done- Test can be started
Trying to start Browser and getting application ready
Browser and Application is up and running
Test is about to end
Test Completed>>> Reports Generated]]>
  </system-out>
</testsuite> <!-- com.automation.testcases.LoginTestHRM -->
